<?xml version="1.0" encoding="UTF-8"?>
<!-- Generated by org.testng.reporters.JUnitXMLReporter -->
<testsuite ignored="0" hostname="IT021" failures="1" tests="1" name="Test" time="16.46" errors="0" timestamp="2020-04-08T16:48:18 IST">
  <testcase classname="com.qa.tests.SearchTest" name="operationSearch" time="0.047">
    <failure type="java.lang.NoSuchMethodError" message="&amp;apos;java.lang.Object org.openqa.selenium.support.ui.FluentWait.until(com.google.common.base.Function)&amp;apos;">
      <![CDATA[java.lang.NoSuchMethodError: 'java.lang.Object org.openqa.selenium.support.ui.FluentWait.until(com.google.common.base.Function)'
at io.appium.java_client.pagefactory.AppiumElementLocator.waitFor(AppiumElementLocator.java:88)
at io.appium.java_client.pagefactory.AppiumElementLocator.findElement(AppiumElementLocator.java:103)
at io.appium.java_client.pagefactory.interceptors.InterceptorOfASingleElement.intercept(InterceptorOfASingleElement.java:57)
at io.appium.java_client.android.AndroidElement$$EnhancerByCGLIB$$c0b591f0.isDisplayed(<generated>)
at org.openqa.selenium.support.ui.ExpectedConditions.isInvisible(ExpectedConditions.java:1380)
at org.openqa.selenium.support.ui.ExpectedConditions.access$400(ExpectedConditions.java:43)
at org.openqa.selenium.support.ui.ExpectedConditions$46.apply(ExpectedConditions.java:1368)
at org.openqa.selenium.support.ui.ExpectedConditions$46.apply(ExpectedConditions.java:1364)
at org.openqa.selenium.support.ui.FluentWait.until(FluentWait.java:208)
at com.qa.BaseTest.waitforVisibility(BaseTest.java:81)
at com.qa.pages.SearchPage.waitForSearchIcon(SearchPage.java:16)
at com.qa.tests.SearchTest.operationSearch(SearchTest.java:53)
at java.base/java.util.ArrayList.forEach(ArrayList.java:1540)
... Removed 27 stack frames]]>
    </failure>
  </testcase> <!-- operationSearch -->
</testsuite> <!-- Test -->
